Nivel Básico:
	1. Introducción a la Lógica:
		* ¿Qué es la Lógica y por qué es importante?
			La lógica es una disciplina filosófica y matemática que se ocupa del estudio de los principios del razonamiento válido y correcto. Se centra en el análisis de las estructuras del pensamiento y en la evaluación de argumentos para determinar si las conclusiones que se derivan de las premisas son válidas o no.

			La importancia de la lógica radica en varios aspectos:
				1. Razonamiento Válido: Permite distinguir entre razonamientos válidos (en los cuales la conclusión se sigue lógicamente de las premisas) y razonamientos inválidos. Esto es esencial para tomar decisiones informadas y llegar a conclusiones lógicas.
				2. Identificación de Falacias: La lógica ayuda a identificar y evitar falacias, que son errores en el razonamiento que pueden llevar a conclusiones incorrectas.
				3. Aplicación en Matemáticas y Ciencias: Es fundamental en disciplinas como matemáticas, filosofía, informática, ciencias de la computación y áreas relacionadas. Ayuda a formalizar teorías, demostrar teoremas y resolver problemas.
				4. Pensamiento Crítico: Desarrolla habilidades de pensamiento crítico al enseñar a analizar argumentos de manera rigurosa y a evaluar la validez de las conclusiones.
				5. Comunicación Efectiva: Permite expresar ideas de manera clara y precisa, evitando ambigüedades y garantizando que el mensaje sea entendido correctamente.
				6. Toma de Decisiones: Ayuda a tomar decisiones informadas y basadas en el razonamiento lógico en situaciones cotidianas y profesionales.
				7. Desarrollo de la Inteligencia Artificial: Es esencial en el campo de la inteligencia artificial para la programación de algoritmos y la toma de decisiones automatizada.
				8. Filosofía y Metafísica: La lógica es esencial en la filosofía para analizar argumentos filosóficos y para explorar conceptos metafísicos y epistemológicos.

			En resumen, la lógica proporciona un marco formal y sistemático para examinar la estructura y el flujo del pensamiento, lo que es esencial en el razonamiento válido, la toma de decisiones y el desarrollo de conocimiento en diversas disciplinas.
		* Historia y desarrollo de la lógica.
			La historia y desarrollo de la lógica es un viaje fascinante que abarca miles de años y ha involucrado a numerosos filósofos, matemáticos y pensadores de diversas culturas. Aquí te proporciono un resumen de los hitos más destacados en la evolución de la lógica:
				1. Lógica en la Antigua Grecia (siglos VI-IV a.C.):
					* Los primeros desarrollos significativos en lógica surgieron en la antigua Grecia, con filósofos como Parménides y Heráclito explorando la naturaleza del razonamiento y la realidad.
					* Sin embargo, fue Aristóteles (384-322 a.C.) quien hizo contribuciones fundamentales a la lógica. En su obra "Órganon", Aristóteles desarrolló la lógica aristotélica, que se centraba en el análisis de los syllogismos y el uso de términos categóricos.
				2. Lógica en la Edad Media (siglos V-XV):
					* Durante la Edad Media, la lógica aristotélica se convirtió en una parte integral de la filosofía escolástica. Filósofos como Santo Tomás de Aquino utilizaron la lógica para analizar y argumentar sobre cuestiones teológicas y metafísicas.

				3. Lógica Simbólica y Algebraica (siglos XVII-XIX):
					* En la era moderna, matemáticos como George Boole (1815-1864) y Augustus De Morgan (1806-1871) desarrollaron la lógica simbólica y algebraica, que utilizaba símbolos y álgebra para representar relaciones lógicas.

				4. Principia Mathematica (1910-1913):
					* Bertrand Russell (1872-1970) y Alfred North Whitehead (1861-1947) publicaron "Principia Mathematica", una obra monumental que buscaba establecer los fundamentos de las matemáticas utilizando una lógica formal rigurosa.

				5. Desarrollos en la Lógica Modal y No Clásica (siglos XX-XXI):
					* Filósofos y lógicos como Saul Kripke, Arthur Prior y otros han trabajado en la lógica modal, que se centra en la necesidad y la posibilidad. También se han desarrollado lógicas no clásicas, como la lógica intuicionista y la lógica difusa.

				6. Lógica en la Era de la Computación (desde mediados del siglo XX):
					* La lógica es fundamental en la teoría de la computación y la inteligencia artificial. Lógicos como Kurt Gödel, Alonzo Church y Alan Turing hicieron contribuciones esenciales a la teoría de la computabilidad y la complejidad.

				7. Lógica en la Filosofía Contemporánea (desde mediados del siglo XX):
					* Filósofos analíticos como Ludwig Wittgenstein, Willard Van Orman Quine y otros han influido en la forma en que entendemos y aplicamos la lógica en la filosofía contemporánea.

			La historia de la lógica es una narrativa rica y diversa que abarca culturas y épocas. A medida que la lógica continúa desarrollándose, su influencia sigue siendo profunda en campos que van desde la filosofía hasta la ciencia y la tecnología.

	2. Lógica Formal:
		2.1. Introducción a la Lógica Formal:
			* ¿Qué es la Lógica Formal y por qué es importante?
				La lógica formal es una rama de la filosofía y las matemáticas que se ocupa del estudio de los principios del razonamiento válido. Se centra en el análisis de proposiciones y argumentos para determinar su validez o invalidez, independientemente del contenido específico de las afirmaciones.

				La lógica formal se basa en reglas y estructuras simbólicas que permiten representar el razonamiento de una manera abstracta y general, sin depender del contexto concreto. Utiliza símbolos y operadores para representar relaciones lógicas, como la negación, la conjunción, la disyunción, la implicación, entre otros.

				La importancia de la lógica formal radica en varios aspectos:
					1. Claridad y Rigor: La lógica formal proporciona un marco para expresar y evaluar argumentos de manera precisa y sin ambigüedades. Esto es fundamental en disciplinas como la filosofía, las matemáticas, la informática y el derecho, donde la claridad y el rigor son esenciales.
					2. Evaluación de Argumentos: Permite determinar si un argumento es válido o inválido, independientemente del contenido de las proposiciones. Esto es crucial para distinguir entre razonamientos sólidos y falaces.
					3. Demostraciones Matemáticas: En matemáticas, la lógica formal es esencial para construir demostraciones válidas. Ayuda a establecer la validez de teoremas y a desarrollar nuevas teorías.
					4. Programación y Ciencias de la Computación: En informática, la lógica formal es esencial para el diseño y verificación de algoritmos y programas. Es la base para la programación lógica y la teoría de la computabilidad.
					5. Resolución de Problemas: Facilita el análisis de problemas complejos al descomponerlos en componentes lógicos más simples, lo que ayuda a encontrar soluciones.
					6. Pensamiento Crítico: Desarrollar habilidades en lógica formal promueve el pensamiento crítico y analítico. Ayuda a identificar falacias en argumentos y a construir razonamientos sólidos.
					7. Filosofía y Metafísica: En filosofía, la lógica formal es fundamental para analizar conceptos, definiciones y argumentos en diversas áreas de estudio, incluida la metafísica y la epistemología.

				En resumen, la lógica formal proporciona un marco de trabajo para analizar y evaluar argumentos y proposiciones de manera rigurosa y sistemática. Es una herramienta esencial en diversas disciplinas, y su aplicación correcta contribuye a un pensamiento más claro y preciso.
			* Conceptos básicos: proposiciones, premisas, conclusiones.
				Estos conceptos son fundamentales en lógica y razonamiento. Aquí te explico cada uno:
					1. Proposición:
						* Una proposición es una afirmación o enunciado que puede ser verdadero o falso, pero no ambas cosas al mismo tiempo. Por ejemplo, "El sol es una estrella" es una proposición porque puede ser evaluada como verdadera o falsa.
						* Las proposiciones pueden ser simples (como el ejemplo anterior) o compuestas, lo que significa que están formadas por una combinación de proposiciones simples utilizando conectivos lógicos (como "y", "o", "no", "si...entonces", etc.).
					2. Premisas:
						* Las premisas son proposiciones que se presentan como evidencia o información inicial en un argumento. Son las afirmaciones que se utilizan para respaldar o justificar una conclusión. En un argumento, las premisas se utilizan para llegar a una conclusión.
					3. Conclusión:
						* La conclusión es la proposición que se deriva a partir de las premisas en un argumento. Es la afirmación que se hace en base a la información proporcionada por las premisas.
				Veamos un ejemplo sencillo para entender cómo estos elementos se relacionan en un argumento:
					Premisas:
						- P1: Si llovió, entonces las calles estarán mojadas. (P1 es una proposición compuesta)
						- P2: Están mojadas las calles. (P2 es una proposición simple)
					Conclusión:
						- C: Por lo tanto, llovió en algún momento pasado. (C es una proposición simple)
				En este ejemplo, P1 y P2 son las premisas, que proporcionan la información inicial. La conclusión C es la proposición que se deriva a partir de las premisas.

				Es importante destacar que un argumento puede tener una o varias premisas, y a partir de ellas se infiere una conclusión. La lógica se ocupa de evaluar la validez del razonamiento, es decir, determinar si las premisas realmente respaldan la conclusión de manera lógica y válida.
		2.2. Lenguaje de la Lógica Formal:
			* Símbolos y conectores lógicos (negación, conjunción, disyunción, implicación, etc.).
				El lenguaje de la lógica formal se basa en el uso de símbolos y conectores lógicos para representar relaciones y estructuras lógicas de proposiciones. Aquí te presento los símbolos y conectores lógicos más comunes:
					1. Negación (¬):
						* Representa la negación o la inversión de una proposición. Por ejemplo, "¬P" representa "no P", lo cual significa que la proposición 'P' es falsa.
					2. Conjunción (∧):
						* Representa la unión lógica de dos proposiciones. Por ejemplo, "P ∧ Q" representa "P y Q", lo cual es verdadero solo si ambas proposiciones 'P' y 'Q' son verdaderas.
					3. Disyunción (∨):
						* Representa la disyunción o la alternativa entre dos proposiciones. Por ejemplo, "P ∨ Q" representa "P o Q", lo cual es verdadero si al menos una de las proposiciones 'P' o 'Q' es verdadera.
					4. Implicación (→):
						* Representa la relación de implicación entre dos proposiciones. Por ejemplo, "P → Q" representa "Si P, entonces Q", lo cual es verdadero a menos que 'P' sea verdadero y 'Q' sea falso.
					5. Doble Implicación (↔):
						* Representa la equivalencia lógica entre dos proposiciones. Por ejemplo, "P ↔ Q" representa "P si y solo si Q", lo cual es verdadero si ambas proposiciones tienen el mismo valor de verdad.
					6. Cuantificadores:
						* ∃ (Existencial): Representa "existe al menos uno".
						* ∀ (Universal): Representa "para todo" o "para cada uno".
					7. Variables y Constantes:
						* Las letras (por ejemplo, P, Q, R) se utilizan para representar proposiciones o variables.
					8. Paréntesis ( ):
						* Se utilizan para agrupar proposiciones y definir el orden de evaluación.
					9. Puntuación:
						* Se utilizan comas, puntos y comas, y otros signos de puntuación para separar proposiciones o elementos en expresiones más complejas.
					10. Igualdad (=):
						* Representa la igualdad entre términos o expresiones.
				Estos símbolos y conectores lógicos permiten construir expresiones y fórmulas que representan relaciones y estructuras lógicas de manera precisa y formal. Al aprender a utilizarlos, se pueden construir argumentos y demostraciones de manera rigurosa en lógica formal.
			* Construcción de tablas de verdad.
				La construcción de tablas de verdad es una herramienta fundamental en la lógica formal que permite analizar y evaluar la validez de proposiciones compuestas o argumentos. Consiste en listar todas las posibles combinaciones de valores de verdad de las proposiciones simples involucradas y determinar el valor de verdad de la proposición compuesta en cada caso.

				A continuación, te guiaré paso a paso en la construcción de una tabla de verdad:
					Paso 1: Identificar las Proposiciones Simples
						* Primero, identifica todas las proposiciones simples involucradas en la expresión lógica. Estas son las proposiciones que no están conectadas por operadores lógicos, como P, Q, R, etc.
					Paso 2: Determinar el Número de Filas
						* El número de filas en la tabla de verdad será igual a 2 elevado a la cantidad de proposiciones simples. Por ejemplo, si hay 3 proposiciones simples (P, Q, R), habrá 2^3 = 8 filas.
					Paso 3: Listar Todas las Combinaciones
						* En la primera columna, lista todas las combinaciones posibles de valores de verdad para las proposiciones simples. Para 3 proposiciones simples, tendrás 8 filas con todas las combinaciones de verdad y falsedad (0 para falso y 1 para verdadero). Puedes enumerarlas en binario (000, 001, 010, 011, 100, 101, 110, 111).
					Paso 4: Evaluar las Expresiones Lógicas
						* En las columnas siguientes, escribe las expresiones lógicas que deseas evaluar utilizando los conectores lógicos (¬, ∧, ∨, →, ↔) y las proposiciones simples. Por ejemplo, si tienes la expresión (P ∧ Q), escribe el resultado de la conjunción de "P y Q" para cada fila.
					Paso 5: Determinar los Valores de Verdad
						* Para cada fila, evalúa el valor de verdad de la expresión lógica según las combinaciones de verdad y falsedad de las proposiciones simples. Puedes usar las reglas de evaluación de operadores lógicos.

					A continuación, te proporciono algunos ejemplos de tablas de verdad para diferentes tipos de expresiones:
						Ejemplo 1: Conjunción "(P ∧ Q)"
							| P | Q | P ∧ Q |
							|---|---|-------|
							| 0 | 0 |   0   |
							| 0 | 1 |   0   |
							| 1 | 0 |   0   |
							| 1 | 1 |   1   |
						Ejemplo 2: Disyunción "(P ∨ Q)"
							| P | Q | P ∨ Q |
							|---|---|-------|
							| 0 | 0 |   0   |
							| 0 | 1 |   1   |
							| 1 | 0 |   1   |
							| 1 | 1 |   1   |
						Ejemplo 3: Negación "(¬P)"
							| P | ¬P |
							|---|----|
							| 0 |  1 |
							| 1 |  0 |
						Ejemplo 4: Implicación "(P → Q)"
							| P | Q | P → Q |
							|---|---|-------|
							| 0 | 0 |   1   |
							| 0 | 1 |   1   |
							| 1 | 0 |   0   |
							| 1 | 1 |   1   |
						Ejemplo 5: Equivalencia "(P ↔ Q)"
							| P | Q | P ↔ Q |
							|---|---|-------|
							| 0 | 0 |   1   |
							| 0 | 1 |   0   |
							| 1 | 0 |   0   |
							| 1 | 1 |   1   |
						Ejemplo 6: Expresión Compuesta "((P ∧ Q) ∨ ¬R)"
							| P | Q | R | (P ∧ Q) ∨ ¬R |
							|---|---|---|---------------|
							| 0 | 0 | 0 |       1       |
							| 0 | 0 | 1 |       0       |
							| 0 | 1 | 0 |       1       |
							| 0 | 1 | 1 |       0       |
							| 1 | 0 | 0 |       1       |
							| 1 | 0 | 1 |       0       |
							| 1 | 1 | 0 |       1       |
							| 1 | 1 | 1 |       1       |
						Ejemplo 7: Expresión Compuesta "(P ∧ Q) → R"
							| P | Q | R | (P ∧ Q) → R |
							|---|---|---|-------------|
							| 0 | 0 | 0 |      1      |
							| 0 | 0 | 1 |      1      |
							| 0 | 1 | 0 |      1      |
							| 0 | 1 | 1 |      1      |
							| 1 | 0 | 0 |      1      |
							| 1 | 0 | 1 |      1      |
							| 1 | 1 | 0 |      0      |
							| 1 | 1 | 1 |      1      |

					Estos son solo ejemplos simples para ilustrar cómo se construyen las tablas de verdad. Puedes aplicar el mismo proceso para expresiones más complejas que involucren más proposiciones y conectores lógicos. Recuerda que las tablas de verdad son una herramienta valiosa para determinar la validez de expresiones lógicas en diferentes contextos.
		2.3. Proposiciones y razonamiento válido:
			* Proposiciones simples y compuestas.
				En lógica formal, las proposiciones son afirmaciones que pueden ser evaluadas como verdaderas o falsas. Estas proposiciones pueden clasificarse en dos tipos: simples y compuestas.

				Proposiciones Simples:
				* Una proposición simple es una afirmación que no contiene proposiciones más pequeñas como componentes. Representan hechos o afirmaciones que pueden ser evaluados directamente como verdaderos o falsos. Por ejemplo:
					- P: "El sol es una estrella."
					- Q: "2 es un número primo."
					- R: "El agua hierve a 100 grados Celsius."

				Cada una de estas proposiciones es una afirmación completa que puede ser verdadera o falsa en función de la realidad o del contexto en el que se evalúe.

				Proposiciones Compuestas:
				* Una proposición compuesta es una afirmación que se forma mediante la combinación de proposiciones simples a través de conectores lógicos. Estos conectores incluyen la negación (¬), la conjunción (∧), la disyunción (∨), la implicación (→) y la doble implicación (↔). Por ejemplo:
					- P ∧ Q: "El sol es una estrella y 2 es un número primo."
					- P ∨ Q: "El sol es una estrella o 2 es un número primo."
					- ¬P: "El sol no es una estrella."

				Las proposiciones compuestas son construcciones más complejas que pueden tener un valor de verdad que depende de los valores de verdad de las proposiciones simples que las componen y de los conectores lógicos utilizados.

				El análisis y la manipulación de proposiciones simples y compuestas son fundamentales en la lógica formal, ya que permiten evaluar la validez de argumentos y construir razonamientos lógicos sólidos.
			* Leyes lógicas y tautologías.
				En lógica formal, las leyes lógicas y las tautologías son conceptos fundamentales que ayudan a comprender y evaluar la validez de proposiciones y argumentos. Aquí te explico ambos conceptos:

				Leyes Lógicas:
					Las leyes lógicas son principios o reglas que establecen relaciones fundamentales entre proposiciones y operadores lógicos. Estas leyes son verdaderas en cualquier contexto y no dependen de la interpretación específica de las proposiciones. Algunas de las leyes lógicas más comunes son:
						1. Ley de Identidad (Idempotencia):
							La Ley de Identidad, también conocida como la Ley de Idempotencia, establece que una proposición que se conjuga (mediante 'y' o '∧') con sí misma, o se disyunta (mediante 'o' o '∨') consigo misma, siempre tiene el mismo valor de verdad que la proposición original.
							* Para la Conjunción (P ∧ P ≡ P):
								Esta ley nos dice que si tomamos una proposición P y la conjuntamos consigo misma, el resultado siempre será P. En otras palabras, si algo es verdadero, entonces es verdadero; si algo es falso, entonces es falso.
								Ejemplo:
									Si P representa la afirmación "El sol es una estrella", entonces P ∧ P significa "El sol es una estrella y el sol es una estrella", lo cual es lógicamente equivalente a simplemente decir "El sol es una estrella".
							* Para la Disyunción (P ∨ P ≡ P):
								Esta ley nos dice que si tomamos una proposición P y la disyuntamos consigo misma, el resultado siempre será P. Esto significa que si algo es verdadero, entonces es verdadero; si algo es falso, entonces es falso.
								Ejemplo:
									Si P representa la afirmación "El agua hierve a 100 grados Celsius", entonces P ∨ P significa "El agua hierve a 100 grados Celsius o el agua hierve a 100 grados Celsius", lo cual es lógicamente equivalente a simplemente decir "El agua hierve a 100 grados Celsius".
							En resumen, la Ley de Identidad (Idempotencia) nos dice que cuando combinamos una proposición con ella misma mediante conjunción o disyunción, el resultado siempre es simplemente la proposición original.
						2. Ley de Dominio (Identidad Anulativa):
							La Ley de Dominio, también conocida como la Ley de Identidad Anulativa, establece que si una proposición se conjunta (mediante 'y' o '∧') con la proposición verdadera 1 o se disjunta (mediante 'o' o '∨') con la proposición falsa 0, el resultado siempre será la proposición original.
							* Para la Conjunción (P ∧ 1 ≡ P):
								Esta ley nos dice que si tomamos una proposición P y la conjuntamos con la proposición verdadera 1, el resultado siempre será P. Esto significa que si algo es verdadero y algo más es verdadero (lo cual siempre es el caso para la proposición verdadera 1), entonces la primera proposición sigue siendo verdadera.
								Ejemplo:
									Si P representa la afirmación "El sol es una estrella", entonces P ∧ 1 significa "El sol es una estrella y algo es verdadero" lo cual es lógicamente equivalente a simplemente decir "El sol es una estrella".
							* Para la Disyunción (P ∨ 0 ≡ P):
								Esta ley nos dice que si tomamos una proposición P y la disjuntamos con la proposición falsa 0, el resultado siempre será P. Esto significa que si algo es verdadero o algo más es falso (lo cual siempre es el caso para la proposición falsa 0), entonces la primera proposición sigue siendo verdadera.
								Ejemplo:
									Si P representa la afirmación "El agua hierve a 100 grados Celsius", entonces P ∨ 0 significa "El agua hierve a 100 grados Celsius o algo es falso", lo cual es lógicamente equivalente a simplemente decir "El agua hierve a 100 grados Celsius".
							En resumen, la Ley de Dominio (Identidad Anulativa) nos dice que cuando combinamos una proposición con la proposición verdadera 1 mediante conjunción, o con la proposición falsa 0 mediante disyunción, el resultado siempre es simplemente la proposición original.
						3. Ley de Complemento (Termino Absoluto):
							La Ley de Complemento, también conocida como Ley del Termino Absoluto, establece que si tomamos una proposición P y su negación ¬ P, y luego las conjuntamos (mediante 'y' o '∧') o las disjuntamos (mediante 'o' o '∨'), el resultado siempre será la proposición falsa 0 en el caso de la conjunción, o la proposición verdadera 1 en el caso de la disyunción.
							* Para la Conjunción (P ∧ ¬P ≡ 0):
								Esta ley nos dice que si tomamos una proposición P y su negación ¬ P, y luego las conjuntamos, el resultado siempre será la proposición falsa 0. Esto significa que no puede ser el caso que una afirmación y su negación sean ambas verdaderas al mismo tiempo.
								Ejemplo:
									Si P representa la afirmación "El sol es una estrella", entonces P ∧ ¬ P significa "El sol es una estrella y el sol no es una estrella", lo cual es lógicamente equivalente a simplemente decir "Es falso que el sol sea una estrella".
							* Para la Disyunción (P ∨ ¬P ≡ 1):
								Esta ley nos dice que si tomamos una proposición P y su negación ¬ P, y luego las disjuntamos, el resultado siempre será la proposición verdadera 1. Esto significa que siempre es el caso que una afirmación o su negación sean verdaderas.
								Ejemplo:
									Si P representa la afirmación "El agua hierve a 100 grados Celsius", entonces P ∨ ¬ P significa "El agua hierve a 100 grados Celsius o el agua no hierve a 100 grados Celsius", lo cual es lógicamente equivalente a simplemente decir "Es cierto que el agua hierve a 100 grados Celsius o es cierto que no hierve a 100 grados Celsius".
							En resumen, la Ley de Complemento nos dice que cuando tomamos una proposición y su negación, y luego las conjuntamos o las disjuntamos, el resultado siempre será la proposición falsa 0 en el caso de la conjunción, o la proposición verdadera 1 en el caso de la disyunción.
						4. Ley de Idempotencia:
							* P ∧ P ∧ P ≡ P
							* P ∨ P ∨ P ≡ P
						5. Ley de Contradicción:
							* P ∧ ¬ P ≡ 0
							* P ∨ ¬ P ≡ 1
						6. Ley de Doble Negación:
							* ¬ ¬ P ≡ P
						7. Ley de De Morgan:
							* ¬ (P ∧ Q) ≡ (¬ P) ∨ (¬ Q)
							* ¬ (P ∨ Q) ≡ (¬ P) ∧ (¬ Q)
						8. Leyes de la Conmutatividad:
							* Conmutatividad de la Conjunción: P ∧ Q ≡ Q ∧ P
							* Conmutatividad de la Disyunción: P ∨ Q ≡ Q ∨ P
						9. Leyes de la Asociatividad:
							* Asociatividad de la Conjunción: (P ∧ Q) ∧ R ≡ P ∧ (Q ∧ R)
							* Asociatividad de la Disyunción: (P ∨ Q) ∨ R ≡ P ∨ (Q ∨ R)
						10. Leyes de Distribución:
							* Distribución de la Conjunción sobre la Disyunción: P ∧ (Q ∨ R) ≡ (P ∧ Q) ∨ (P ∧ R)
							* Distribución de la Disyunción sobre la Conjunción: P ∨ (Q ∧ R) ≡ (P ∨ Q) ∧ (P ∨ R)
						11. Leyes de la Implicación:
							* Ley de Simplificación (Modus Ponens): (P → Q) ∧ P ≡ Q
							* Ley de Exportación: P → (Q → P) ≡ 1
						12. Leyes de la Doble Implicación:
							* Ley de la Bicondicionalidad: P ↔ Q ≡ (P → Q) ∧ (Q → P)
						13. Leyes de la Negaicón:
							* Doble Negación: ¬ (¬ P) ≡ P
							* Ley de Contraposición: P → Q ≡ ¬ Q → ¬ P
						14. Leyes de la Absorción:
							* Absorción de la Conjunción: P ∧ (P ∨ Q) ≡ P
							* Absorción de la Disyunción: P ∨ (P ∧ Q) ≡ P
					Estas son solo algunas de las leyes lógicas fundamentales. Existen muchas más que ayudan a manipular y simplificar expresiones lógicas.

				Tautologías:
					Una tautología es una expresión lógica compuesta que es verdadera para cualquier asignación de valores de verdad a sus proposiciones simples. En otras palabras, es una afirmación que es siempre verdadera, independientemente de los valores de verdad de sus componentes.

					Por ejemplo, la expresión P ∨ ¬ P es una tautología, ya que siempre será verdadera, sin importar si P es verdadero o falso. Esto se debe a la Ley de Contradicción, que establece que P ∨ ¬ P ≡ 1 en cualquier caso.

					El reconocimiento de tautologías es importante en la lógica, ya que son fundamentales para demostrar la validez de argumentos y la consistencia de teorías lógicas. También juegan un papel crucial en la inferencia y la demostración formal.
		2.4. Argumentos y falacias:
			* Identificación de argumentos válidos e inválidos.
			* Análisis de falacias comunes.
		2.5. Deducción lógica:
			* Reglas de inferencia.
			* Demostraciones formales.

	3. Lógica Aristotélica:
		3.1. Introducción a la Lógica Aristotélica:
			* Orígenes y contexto histórico de la lógica aristotélica.
			* Importancia y relevancia de la lógica aristotélica en la filosofía.

		3.2. Syllogismos y Términos:
			* Definición de syllogismos y su estructura básica.
			* Clasificación de los syllogismos (categóricos, hipotéticos, disyuntivos, etc.).
			* Definición y análisis de términos categóricos.

		3.3. Categorías y Predicables:
			* Estudio de las categorías aristotélicas y su importancia en la clasificación del conocimiento.
			* Análisis de los predicables (género, especie, diferencia, propiedad, accidente).

		3.4. Clases de Syllogismos:
			* Syllogismos categóricos y sus formas válidas.
			* Ejemplos y aplicaciones de syllogismos en diferentes contextos.

		3.5. Reglas y Evaluación de Syllogismos:
			* Reglas para determinar la validez de un syllogismo aristotélico.
			* Práctica en la evaluación de syllogismos.

		3.6. Aplicaciones Filosóficas y Analíticas:
			* Uso de la lógica aristotélica en la filosofía y en el análisis de argumentos complejos.
			* Relación entre la lógica aristotélica y la lógica formal moderna.

		3.7. Críticas y Desarrollos Posteriores:
			* Revisión de críticas históricas y desarrollos posteriores en la teoría de los syllogismos.
			* Comparación con enfoques lógicos contemporáneos.

Nivel Intermedio:
	4. Lógica Proposicional:
		* Sistemas formales de lógica proposicional.
		* Resolución de problemas y demostraciones.

	5. Lógica de Predicados:
		* Introducción a la lógica de primer orden.
		* Cuantificadores y predicados.

	6. Resolución de problemas con lógica de predicados:
		* Deducción con cuantificadores.
		* Formalización de argumentos.

	7. Lógica Modal:
		* Introducción a la lógica modal.
		* Operadores modales (necesidad, posibilidad).

	8. Lógica Temporal:
		* Introducción a la lógica temporal.
		* Modelos temporales y razonamiento temporal.

Nivel Avanzado:
	9. Lógica de Primer Orden:
		9.1. Introducción a la Lógica de Primer Orden:
			* Definición y contexto histórico de la lógica de primer orden.
			* Importancia y aplicaciones de la lógica de primer orden en matemáticas, filosofía y ciencias de la computación.

		9.2. Símbolos y Lenguaje de la Lógica de Primer Orden:
			* Alfabeto de la lógica de primer orden: constantes, variables, predicados y conectores lógicos.
			* Formación y sintaxis de fórmulas en lógica de primer orden.

		9.3. Estructuras de Interpretación:
			* Definición de modelos y estructuras de interpretación en lógica de primer orden.
			* Interpretación de constantes, variables y predicados.

		9.4. Cuantificadores y Predicados:
			* Introducción a los cuantificadores (∀ y ∃) y su significado.
			* Análisis de predicados y relaciones entre términos.

		9.5. Reglas de Inferencia en Lógica de Primer Orden:
			* Modus Ponens, Modus Tollens y otras reglas de inferencia.
			* Aplicación de reglas para derivar conclusiones válidas.

		9.6. Teorías y Axiomas en Lógica de Primer Orden:
			* Axiomas de igualdad y teorías específicas (por ejemplo, teoría de grupos, teoría de números, etc.).
			* Desarrollo de teorías en lógica de primer orden.

		9.7. Teorema de Completitud y Teorema de Compacidad:
			* Conceptos avanzados en la teoría de modelos y su relación con la lógica de primer orden.

		9.8. Resolución de Problemas y Demostraciones en Lógica de Primer Orden:
			* Aplicación de técnicas de resolución de problemas.
			* Construcción de demostraciones formales en lógica de primer orden.

	10. Lógica de Segundo Orden:
		* Introducción a la lógica de segundo orden.
		* Cuantificadores de segundo orden.
		* Resolución de problemas y demostraciones en lógica de segundo orden.

	11. Lógicas no Clásicas:
		* Lógica intuicionista.
		* Lógica difusa.
		* Lógica paraconsistente.

	12. Lógica y Filosofía:
		* Lógica y ontología.
		* Lógica y epistemología.
		* Lógica y ética.

	13. Lógica y Fundamentos Matemáticos:
		* Lógica y teoría de conjuntos.
		* Lógica y fundamentos de la aritmética.

	14. Aplicaciones Prácticas de la Lógica Formal:
		* Aplicaciones en inteligencia artificial.
		* Aplicaciones en ciencias sociales y jurídicas.
		* Aplicaciones en informática y tecnología.
